d:\lectures\3kurs\1semestyr\kursov_proekt\encrypt_decrypt\encrypt_decrypt\debug\vc142.pdb
d:\lectures\3kurs\1semestyr\kursov_proekt\encrypt_decrypt\encrypt_decrypt\debug\vc142.idb
d:\lectures\3kurs\1semestyr\kursov_proekt\encrypt_decrypt\encrypt_decrypt\debug\encrypt_decrypt.obj
d:\lectures\3kurs\1semestyr\kursov_proekt\encrypt_decrypt\encrypt_decrypt\debug\caesarcipher.obj
d:\lectures\3kurs\1semestyr\kursov_proekt\encrypt_decrypt\encrypt_decrypt\debug\fileio.obj
d:\lectures\3kurs\1semestyr\kursov_proekt\encrypt_decrypt\encrypt_decrypt\debug\caes.obj
d:\lectures\3kurs\1semestyr\kursov_proekt\encrypt_decrypt\debug\encrypt_decrypt.exe
d:\lectures\3kurs\1semestyr\kursov_proekt\encrypt_decrypt\debug\encrypt_decrypt.ilk
d:\lectures\3kurs\1semestyr\kursov_proekt\encrypt_decrypt\debug\encrypt_decrypt.pdb
d:\lectures\3kurs\1semestyr\kursov_proekt\encrypt_decrypt\encrypt_decrypt\debug\encrypt_decrypt.res
d:\lectures\3kurs\1semestyr\kursov_proekt\encrypt_decrypt\encrypt_decrypt\debug\encrypt_decrypt.obj.enc
d:\lectures\3kurs\1semestyr\kursov_proekt\encrypt_decrypt\encrypt_decrypt\debug\encrypt_decrypt.tlog\cl.command.1.tlog
d:\lectures\3kurs\1semestyr\kursov_proekt\encrypt_decrypt\encrypt_decrypt\debug\encrypt_decrypt.tlog\cl.read.1.tlog
d:\lectures\3kurs\1semestyr\kursov_proekt\encrypt_decrypt\encrypt_decrypt\debug\encrypt_decrypt.tlog\cl.write.1.tlog
d:\lectures\3kurs\1semestyr\kursov_proekt\encrypt_decrypt\encrypt_decrypt\debug\encrypt_decrypt.tlog\link.command.1.tlog
d:\lectures\3kurs\1semestyr\kursov_proekt\encrypt_decrypt\encrypt_decrypt\debug\encrypt_decrypt.tlog\link.read.1.tlog
d:\lectures\3kurs\1semestyr\kursov_proekt\encrypt_decrypt\encrypt_decrypt\debug\encrypt_decrypt.tlog\link.write.1.tlog
d:\lectures\3kurs\1semestyr\kursov_proekt\encrypt_decrypt\encrypt_decrypt\debug\encrypt_decrypt.tlog\rc.command.1.tlog
d:\lectures\3kurs\1semestyr\kursov_proekt\encrypt_decrypt\encrypt_decrypt\debug\encrypt_decrypt.tlog\rc.read.1.tlog
d:\lectures\3kurs\1semestyr\kursov_proekt\encrypt_decrypt\encrypt_decrypt\debug\encrypt_decrypt.tlog\rc.write.1.tlog
